2632.980
1166.561
209.566
3399.516
3939.887
2823.663
464.138
2468.601
3121.879
2916.991
569.140
1503.242
252.563
165.885
387.172
3674.176
1825.404
282.320
2930.458
1081.893
533.804
1456.285
2449.415
2410.200
1576.146
3682.177
291.785
75.977
1479.510
1420.621
2242.713
1054.733
1690.709
147.495
2039.376
389.734
1114.972
2745.198
501.379
121.132
2165.596
1304.242
1758.508
2727.186
1782.848
153.218
1812.774
1821.990
1466.376
2353.017
3082.769
384.359
659.484
934.830
3744.745
471.948
1199.800
104.939
582.934
2084.598
2440.259
803.972
1066.653
1220.781
2145.869
541.720
617.038
857.523
1792.967
717.145
2478.387
2207.859
3000.793
1578.237
1862.882
923.955
4136.976
454.458
1940.832
772.947
672.556
1846.051
893.489
85.809
1029.379
3019.565
954.665
5.893
610.568
4263.038
6.991
110.713
3075.419
480.548
245.151
276.432
53.401
432.071
563.485
1226.694
947.083
445.532
2537.477
1605.943
1742.371
1725.492
1018.573
1452.562
1683.654
507.972
33.801
2977.623
3192.117
931.827
2174.523
1244.737
597.001
1324.230
310.279
1273.600
3063.610
4127.546
578.050
490.657
634.203
2752.130
515.586
274.323
349.244
714.356
1258.209
1313.941
122.440
996.065
407.841
153.093
3169.061
289.727
1587.981
1337.223
1470.851
3157.293
1273.565
516.042
2304.422
3276.220
2070.443
276.503
453.285
897.629
230.371
157.898
1666.381
309.101
849.085
175.041
1681.883
523.434
217.879
1257.338
3001.064
755.339
1438.158
262.298
1292.190
1974.998
302.113
745.051
2166.175
110.444
1839.607
1814.312
896.137
1006.883
911.535
332.391
624.032
301.779
499.476
825.063
1794.399
428.286
912.448
2082.379
2284.414
704.616
2641.361
575.397
3603.994
2491.360
1616.248
4119.920
1314.624
1242.589
128.106
126.142
545.955
1604.599
290.501
2153.938
1767.735
811.858
1917.104
1309.230
2748.678
3016.399
61.940
1829.818
1323.831
503.589
164.728
202.732
489.982
1589.105
2653.887
2978.848
141.118
1486.789
664.036
1183.719
1260.242
3493.601
1067.731
3074.620
1876.090
99.774
1539.921
2859.244
2468.547
662.584
3589.976
2982.928
939.825
1647.112
1336.099
1398.197
887.517
477.032
556.690
1114.043
2596.882
2903.137
3071.877
1473.202
334.843
80.548
3735.526
3440.330
481.878
3472.622
26.795
1948.880
222.380
3098.884
2245.752
2920.875
1030.637
533.887
1558.615
3599.825
3775.195
646.511
1347.837
2824.965
99.829
859.634
1274.787
3479.947
723.281
1063.609
213.994
1280.976
2444.850
56.251
562.596
2850.943
952.297
2110.785
1306.275
1088.468
1144.274
915.882
445.010
2182.646
1484.806
1533.064
260.492
753.987
728.283
935.383
202.930
1744.732
386.337
147.523
922.282
49.793
644.406
235.314
1467.243
2057.976
161.592
416.575
1369.211
2759.022
945.206
2489.391
232.906
155.209
3665.630
1834.128
1329.854
2799.277
919.585
871.260
2536.170
1453.462
820.286
639.981
3299.047
717.600
1812.750
2914.377
3000.342
2572.004
309.663
2665.289
1889.134
119.094
1579.894
1240.048
1211.584
3708.545
1709.423
1739.509
2792.633
2077.296
3375.005
2531.701
269.516
76.741
4477.200
3751.986
3897.443
724.083
140.158
1393.245
4373.354
261.253
2385.927
3478.818
1880.958
1811.447
655.377
639.540
998.373
2942.921
2248.924
2462.975
763.849
617.395
3424.375
3107.175
526.742
1705.754
675.914
2467.295
142.446
440.568
1575.517
1063.444
3613.214
614.045
1503.079
743.520
2171.451
1361.720
36.619
1544.970
588.725
501.733
448.889
45.602
2687.412
2912.154
2121.082
1295.741
3047.131
998.230
2615.705
1619.179
1455.237
482.001
1052.887
1734.031
1247.069
837.879
477.499
12.073
845.523
2703.976
123.532
1459.376
72.856
3965.120
1188.310
1634.712
910.282
1273.832
725.865
1737.102
2674.758
1193.620
2875.957
1571.830
394.752
1513.193
470.141
1463.813
2064.398
910.837
3263.676
279.000
924.858
1946.040
1620.297
1107.940
3254.550
1566.825
757.142
147.796
870.548
2598.198
2570.871
522.946
1657.692
3120.669
373.755
901.042
686.561
3228.623
2173.789
135.118
3746.624
1282.520
1980.617
85.237
86.514
3571.787
2299.554
2042.937
3165.627
2226.805
1630.428
818.517
1221.710
209.394
1705.144
1036.929
778.455
2377.916
2600.123
1295.858
269.768
222.008
353.604
1165.063
314.130
569.004
2208.614
471.426
725.643
1409.133
2458.673
192.543
4273.460
1819.083
2037.230
806.136
1192.370
1330.204
163.658
205.156
2615.945
340.520
678.927
29.090
421.898
1982.241
3651.867
1457.080
1631.321
90.641
1458.485
1486.314
755.686
1976.092
1859.588
126.262
3469.761
2556.677
2671.550
2376.183
1088.468
612.566
1936.667
172.278
105.899
1754.548
409.196
2194.492
2984.128
3186.824
2787.512
3399.177
1105.859
1518.827
414.825
1105.714
30.437
1051.359
3768.988
1023.051
784.117
2750.028
565.869
2073.314
126.910
442.992
1088.310
684.798
740.364
2714.450
1833.471
2235.741
208.568
1630.078
2466.496
2500.249
1352.384
293.036
1324.217
2447.414
669.315
4217.327
1881.337
1789.067
707.495
1793.860
890.527
391.387
800.324
2679.696
3953.891
1139.965
1244.467
564.947
1416.566
2175.714
59.978
2456.668
382.400
1724.171
2679.789
4233.441
1729.379
2115.615
2454.438
594.542
1946.520
248.500
2493.783
385.776
889.906
393.780
545.685
2356.014
3296.398
274.943
1289.074
202.494
328.154
1695.576
208.033
1882.526
955.611
3716.114
1391.699
732.977
2105.499
363.416
1873.582
2157.006
1134.874
859.493
1127.262
1821.594
2175.914
1003.916
1289.793
479.062
1561.470
2328.476
880.755
393.759
1484.219
981.264
3134.915
276.228
3106.423
438.958
873.567
1254.182
1374.904
1066.574
3365.162
1064.919
2950.957
1744.098
1906.538
235.500
485.590
2361.097
66.697
801.622
3403.954
193.436
3195.296
1268.893
2497.014
1161.491
1373.308
3135.034
315.531
729.586
1372.490
1166.049
452.869
1352.783
4030.560
1293.754
890.118
3050.433
2875.302
1210.940
115.386
2320.344
1653.621
1770.959
1258.960
2514.273
785.600
354.533
1075.329
215.942
538.902
2076.752
1015.307
2011.262
3136.098
1581.400
629.652
1035.233
480.009
963.601
756.813
2357.723
3718.205
1541.893
1727.044
3911.525
392.239
1703.103
120.651
2125.620
3060.090
527.064
1620.886
1639.830
387.872
3903.496
1563.277
673.395
716.481
137.162
3735.738
3279.403
2472.619
1592.803
2143.642
114.601
828.413
705.988
1985.225
2349.972
2624.425
1265.725
2416.323
48.853
1005.846
224.951
503.328
479.278
3237.327
1275.244
398.860
577.674
815.144
2493.167
1359.508
1804.466
497.191
308.527
1769.194
1275.425
1617.545
2761.934
1132.257
4383.128
1688.896
1285.237
163.796
804.333
575.776
786.866
210.285
2019.349
2574.751
189.180
799.533
1074.492
152.566
779.923
162.467
756.434
790.537
647.788
2483.510
2896.945
2688.824
2582.762
282.266
312.273
809.553
1612.978
838.484
1507.930
100.072
4136.831
1835.293
1304.230
739.106
1641.943
1102.014
559.805
658.049
830.693
499.377
2492.579
1441.774
1844.622
2144.751
2327.799
2408.640
113.221
437.248
176.902
2580.710
2201.300
2894.307
1644.651
1148.894
834.346
2142.045
1982.988
969.110
4487.963
6.968
1378.576
1536.359
802.430
2322.700
1167.707
320.030
494.072
1161.672
677.454
1076.738
540.379
727.158
2378.004
1871.330
177.415
442.611
1421.251
850.634
3111.759
1579.061
923.035
858.139
1788.128
1316.381
1804.557
2768.871
2023.796
64.726
336.630
302.331
4170.884
1442.341
2589.330
603.405
841.455
3671.726
671.432
1105.262
3200.016
1147.440
1429.099
4343.867
2013.071
1139.781
2744.750
1853.228
2270.951
1231.284
1980.111
539.643
4305.273
444.061
687.183
1491.074
581.772
2567.478
954.543
2888.796
283.022
2109.763
2416.261
781.004
337.203
1370.369
1895.654
2650.201
895.966
1155.426
809.974
1061.274
317.809
156.964
1980.574
278.359
21.605
571.912
2656.157
1163.594
2713.832
1513.282
363.789
409.577
1753.371
800.162
148.665
2343.604
1946.474
86.379
678.662
2248.638
1550.090
3275.454
1406.562
2789.177
967.684
273.447
423.529
310.805
2307.988
903.848
370.432
2411.643
833.427
715.497
1392.227
1427.277
672.311
1258.948
3455.764
1989.941
722.434
756.444
724.563
591.144
917.705
584.583
1351.964
3279.949
1728.973
3905.506
241.105
2135.144
1336.628
76.189
1098.775
3822.423
432.768
263.593
1308.080
3103.268
853.797
3107.042
1606.971
928.963
124.526
3401.358
8.206
239.341
498.510
2612.975
2551.289
778.807
391.259
393.024
707.570
1017.384
2658.874
751.282
1454.447
4389.564
298.664
1884.635
1542.378
1816.682
1691.109
43.106
3114.861
251.612
81.584
2016.221
1692.699
204.303
140.438
1540.236
962.012
2712.013
968.798
1802.026
3264.487
2129.956
844.375
517.780
486.501
1458.838
224.055
765.452
2784.687
642.173
2430.934
849.752
524.869
1709.954
838.086
2427.692
42.189
1139.762
434.851
1599.402
473.971
919.668
949.608
707.937
1227.775
606.419
954.107
3426.519
1762.622
3057.961
904.050
1885.960
3877.482
3551.649
2119.098
2413.023
639.259
416.805
1107.045
1317.332
2796.864
1537.145
114.440
1328.789
398.085
1146.266
3115.498
2828.178
1668.256
1269.809
520.015
1769.539
3154.645
3045.904
