--
000
001
002
003
004
005
006
007
008
009
010
011
012
013
014
015
016
017
018
019
020
021
022
023
024
025
026
027
028
029
030
031
032
033
034
035
036
037
038
039
040
041
042
043
044
045
046
047
048
049
050
051
052
053
054
055
056
057
058
059
060
061
062
063
064
065
066
067
068
069
070
071
072
073
074
075
076
077
078
079
080
081
082
083
084
085
086
087
088
089
090
091
092
093
094
095
096
097
098
099
100
101
102
103
104
105
106
107
108
109
110
111
112
113
114
115
116
117
118
119
120
121
122
123
124
125
126
127
128
129
130
131
132
133
134
135
136
137
138
139
140
141
142
143
144
145
146
147
148
149
150
151
152
153
154
155
156
157
158
159
160
161
162
163
164
165
166
167
168
169
170
171
172
173
174
175
176
177
178
179
180
181
182
183
184
185
186
187
188
189
190
191
192
193
194
195
196
197
198
199
200
201
202
203
204
205
206
207
208
209
210
211
212
213
214
215
216
217
218
219
220
221
222
223
224
225
226
227
228
229
230
231
232
233
234
235
236
237
238
239
240
241
242
243
244
245
246
247
248
249
250
251
252
253
254
255
256
257
258
259
260
261
262
263
264
265
266
267
268
269
270
271
272
273
274
275
276
277
278
279
280
281
282
283
284
285
286
287
288
289
290
291
292
293
294
295
296
297
298
299
300
301
302
303
304
305
306
307
308
309
310
311
312
313
314
315
316
317
318
319
320
321
322
323
324
325
326
327
328
329
330
331
332
333
334
335
336
337
338
339
340
341
342
343
344
345
346
347
348
349
350
351
352
353
354
355
356
357
358
359
360
361
362
363
364
365
366
367
368
369
370
371
372
373
374
375
376
377
378
379
380
381
382
383
384
385
386
387
388
389
390
391
392
393
394
395
396
397
398
399
400
401
402
403
404
405
406
407
408
409
410
411
412
413
414
415
416
417
418
419
420
421
422
423
424
425
426
427
428
429
430
431
432
433
434
435
436
437
438
439
440
441
442
443
444
445
446
447
448
449
450
451
452
453
454
455
456
457
458
459
460
461
462
463
464
465
466
467
468
469
470
471
472
473
474
475
476
477
478
479
480
481
482
483
484
485
486
487
488
489
490
491
492
493
494
495
496
497
498
499
500
501
502
503
504
505
506
507
508
509
510
511
512
513
514
515
516
517
518
519
520
521
522
523
524
525
526
527
528
529
530
531
532
533
534
535
536
537
538
539
540
541
542
543
544
545
546
547
548
549
550
551
552
553
554
555
556
557
558
559
560
561
562
563
564
565
566
567
568
569
570
571
572
573
574
575
576
577
578
579
580
581
582
583
584
585
586
587
588
589
590
591
592
593
594
595
596
597
598
599
600
601
602
603
604
605
606
607
608
609
610
611
612
613
614
615
616
617
618
619
620
621
622
623
624
625
626
627
628
629
630
631
632
633
634
635
636
637
638
639
640
641
642
643
644
645
646
647
648
649
650
651
652
653
654
655
656
657
658
659
660
661
662
663
664
665
666
667
668
669
670
671
672
673
674
675
676
677
678
679
680
681
682
683
684
685
686
687
688
689
690
691
692
693
694
695
696
697
698
699
700
701
702
703
704
705
706
707
708
709
710
711
712
713
714
715
716
717
718
719
720
721
722
723
724
725
726
727
728
729
730
731
732
733
734
735
736
737
738
739
740
741
742
743
744
745
746
747
748
749
750
751
752
753
754
755
756
757
758
759
760
761
762
763
764
765
766
767
768
769
770
771
772
773
774
775
776
777
778
779
780
781
782
783
784
785
786
787
788
789
790
791
792
793
794
795
796
797
798
799
800
801
802
803
804
805
806
807
808
809
810
811
812
813
814
815
816
817
818
819
820
821
822
823
824
825
826
827
828
829
830
831
832
833
834
835
836
837
838
839
840
841
842
843
844
845
846
847
848
849
850
851
852
853
854
855
856
857
858
859
860
861
862
863
864
865
866
867
868
869
870
871
872
873
874
875
876
877
878
879
880
881
882
883
884
885
886
887
888
889
890
891
892
893
894
895
896
897
898
899
900
901
902
903
904
905
906
907
908
909
910
911
912
913
914
915
916
917
918
919
920
921
922
923
924
925
926
927
928
929
930
931
932
933
934
935
936
937
938
939
940
941
942
943
944
945
946
947
948
949
950
951
952
953
954
955
956
957
958
959
960
961
962
963
964
965
966
967
968
969
970
971
972
973
974
975
976
977
978
979
980
981
982
983
984
985
986
987
988
989
990
991
992
993
994
995
996
997
998
999
0c00
0c01
0c02
0c03
0c04
0c05
0c06
0c07
0c08
0c09
0c10
0c11
0c12
0c13
0c14
0c15
0c16
0c17
0c18
0c19
0c20
0c21
0c22
0c23
0c24
0c25
0c26
0c27
0c28
0c29
0c30
0c31
0c32
0c33
0c34
0c35
0c36
0c37
0c38
0c39
0c40
0c41
0c42
0c43
0c44
0c45
0c46
0c47
0c48
0c49
0c50
0c51
0c52
0c53
0c54
0c55
0c56
0c57
0c58
0c59
0c60
0c61
0c62
0c63
0c64
0c65
0c66
0c67
0c68
0c69
0c70
0c71
0c72
0c73
0c74
0c75
0c76
0c77
0c78
0c79
0c80
0c81
0c82
0c83
0c84
0c85
0c86
0c87
0c88
0c89
0c90
0c91
0c92
0c93
0c94
0c95
0c96
0c97
0c98
0c99
000c0
000c1
000c2
000c3
000c4
000c5
000c6
000c7
000c8
000c9
010c0
010c1
010c2
010c3
010c4
010c5
010c6
010c7
010c8
010c9
020c0
020c1
020c2
020c3
020c4
020c5
020c6
020c7
020c8
020c9
030c0
030c1
030c2
030c3
030c4
030c5
030c6
030c7
030c8
030c9
040c0
040c1
040c2
040c3
040c4
040c5
040c6
040c7
040c8
040c9
050c0
050c1
050c2
050c3
050c4
050c5
050c6
050c7
050c8
050c9
060c0
060c1
060c2
060c3
060c4
060c5
060c6
060c7
060c8
060c9
070c0
070c1
070c2
070c3
070c4
070c5
070c6
070c7
070c8
070c9
080c0
080c1
080c2
080c3
080c4
080c5
080c6
080c7
080c8
080c9
090c0
090c1
090c2
090c3
090c4
090c5
090c6
090c7
090c8
090c9
100c0
100c1
100c2
100c3
100c4
100c5
100c6
100c7
100c8
100c9
110c0
110c1
110c2
110c3
110c4
110c5
110c6
110c7
110c8
110c9
120c0
120c1
120c2
120c3
120c4
120c5
120c6
120c7
120c8
120c9
130c0
130c1
130c2
130c3
130c4
130c5
130c6
130c7
130c8
130c9
140c0
140c1
140c2
140c3
140c4
140c5
140c6
140c7
140c8
140c9
150c0
150c1
150c2
150c3
150c4
150c5
150c6
150c7
150c8
150c9
160c0
160c1
160c2
160c3
160c4
160c5
160c6
160c7
160c8
160c9
170c0
170c1
170c2
170c3
170c4
170c5
170c6
170c7
170c8
170c9
180c0
180c1
180c2
180c3
180c4
180c5
180c6
180c7
180c8
180c9
190c0
190c1
190c2
190c3
190c4
190c5
190c6
190c7
190c8
190c9
200c0
200c1
200c2
200c3
200c4
200c5
200c6
200c7
200c8
200c9
210c0
210c1
210c2
210c3
210c4
210c5
210c6
210c7
210c8
210c9
220c0
220c1
220c2
220c3
220c4
220c5
220c6
220c7
220c8
220c9
230c0
230c1
230c2
230c3
230c4
230c5
230c6
230c7
230c8
230c9
240c0
240c1
240c2
240c3
240c4
240c5
240c6
240c7
240c8
240c9
250c0
250c1
250c2
250c3
250c4
250c5
250c6
250c7
250c8
250c9
260c0
260c1
260c2
260c3
260c4
260c5
260c6
260c7
260c8
260c9
270c0
270c1
270c2
270c3
270c4
270c5
270c6
270c7
270c8
270c9
280c0
280c1
280c2
280c3
280c4
280c5
280c6
280c7
280c8
280c9
290c0
290c1
290c2
290c3
290c4
290c5
290c6
290c7
290c8
290c9
300c0
300c1
300c2
300c3
300c4
300c5
300c6
300c7
300c8
300c9
310c0
310c1
310c2
310c3
310c4
310c5
310c6
310c7
310c8
310c9
320c0
320c1
320c2
320c3
320c4
320c5
320c6
320c7
320c8
320c9
330c0
330c1
330c2
330c3
330c4
330c5
330c6
330c7
330c8
330c9
340c0
340c1
340c2
340c3
340c4
340c5
340c6
340c7
340c8
340c9
350c0
350c1
350c2
350c3
350c4
350c5
350c6
350c7
350c8
350c9
360c0
360c1
360c2
360c3
360c4
360c5
360c6
360c7
360c8
360c9
370c0
370c1
370c2
370c3
370c4
370c5
370c6
370c7
370c8
370c9
380c0
380c1
380c2
380c3
380c4
380c5
380c6
380c7
380c8
380c9
390c0
390c1
390c2
390c3
390c4
390c5
390c6
390c7
390c8
390c9
400c0
400c1
400c2
400c3
400c4
400c5
400c6
400c7
400c8
400c9
410c0
410c1
410c2
410c3
410c4
410c5
410c6
410c7
410c8
410c9
420c0
420c1
420c2
420c3
420c4
420c5
420c6
420c7
420c8
420c9
430c0
430c1
430c2
430c3
430c4
430c5
430c6
430c7
430c8
430c9
440c0
440c1
440c2
440c3
440c4
440c5
440c6
440c7
440c8
440c9
450c0
450c1
450c2
450c3
450c4
450c5
450c6
450c7
450c8
450c9
460c0
460c1
460c2
460c3
460c4
460c5
460c6
460c7
460c8
460c9
470c0
470c1
470c2
470c3
470c4
470c5
470c6
470c7
470c8
470c9
480c0
480c1
480c2
480c3
480c4
480c5
480c6
480c7
480c8
480c9
490c0
490c1
490c2
490c3
490c4
490c5
490c6
490c7
490c8
490c9
500c0
500c1
500c2
500c3
500c4
500c5
500c6
500c7
500c8
500c9
510c0
510c1
510c2
510c3
510c4
510c5
510c6
510c7
510c8
510c9
520c0
520c1
520c2
520c3
520c4
520c5
520c6
520c7
520c8
520c9
530c0
530c1
530c2
530c3
530c4
530c5
530c6
530c7
530c8
530c9
540c0
540c1
540c2
540c3
540c4
540c5
540c6
540c7
540c8
540c9
550c0
550c1
550c2
550c3
550c4
550c5
550c6
550c7
550c8
550c9
560c0
560c1
560c2
560c3
560c4
560c5
560c6
560c7
560c8
560c9
570c0
570c1
570c2
570c3
570c4
570c5
570c6
570c7
570c8
570c9
580c0
580c1
580c2
580c3
580c4
580c5
580c6
580c7
580c8
580c9
590c0
590c1
590c2
590c3
590c4
590c5
590c6
590c7
590c8
590c9
600c0
600c1
600c2
600c3
600c4
600c5
600c6
600c7
600c8
600c9
610c0
610c1
610c2
610c3
610c4
610c5
610c6
610c7
610c8
610c9
620c0
620c1
620c2
620c3
620c4
620c5
620c6
620c7
620c8
620c9
630c0
630c1
630c2
630c3
630c4
630c5
630c6
630c7
630c8
630c9
640c0
640c1
640c2
640c3
640c4
640c5
640c6
640c7
640c8
640c9
650c0
650c1
650c2
650c3
650c4
650c5
650c6
650c7
650c8
650c9
660c0
660c1
660c2
660c3
660c4
660c5
660c6
660c7
660c8
660c9
670c0
670c1
670c2
670c3
670c4
670c5
670c6
670c7
670c8
670c9
680c0
680c1
680c2
680c3
680c4
680c5
680c6
680c7
680c8
680c9
690c0
690c1
690c2
690c3
690c4
690c5
690c6
690c7
690c8
690c9
700c0
700c1
700c2
700c3
700c4
700c5
700c6
700c7
700c8
700c9
710c0
710c1
710c2
710c3
710c4
710c5
710c6
710c7
710c8
710c9
720c0
720c1
720c2
720c3
720c4
720c5
720c6
720c7
720c8
720c9
730c0
730c1
730c2
730c3
730c4
730c5
730c6
730c7
730c8
730c9
740c0
740c1
740c2
740c3
740c4
740c5
740c6
740c7
740c8
740c9
750c0
750c1
750c2
750c3
750c4
750c5
750c6
750c7
750c8
750c9
760c0
760c1
760c2
760c3
760c4
760c5
760c6
760c7
760c8
760c9
770c0
770c1
770c2
770c3
770c4
770c5
770c6
770c7
770c8
770c9
780c0
780c1
780c2
780c3
780c4
780c5
780c6
780c7
780c8
780c9
790c0
790c1
790c2
790c3
790c4
790c5
790c6
790c7
790c8
790c9
800c0
800c1
800c2
800c3
800c4
800c5
800c6
800c7
800c8
800c9
810c0
810c1
810c2
810c3
810c4
810c5
810c6
810c7
810c8
810c9
820c0
820c1
820c2
820c3
820c4
820c5
820c6
820c7
820c8
820c9
830c0
830c1
830c2
830c3
830c4
830c5
830c6
830c7
830c8
830c9
840c0
840c1
840c2
840c3
840c4
840c5
840c6
840c7
840c8
840c9
850c0
850c1
850c2
850c3
850c4
850c5
850c6
850c7
850c8
850c9
860c0
860c1
860c2
860c3
860c4
860c5
860c6
860c7
860c8
860c9
870c0
870c1
870c2
870c3
870c4
870c5
870c6
870c7
870c8
870c9
880c0
880c1
880c2
880c3
880c4
880c5
880c6
880c7
880c8
880c9
890c0
890c1
890c2
890c3
890c4
890c5
890c6
890c7
890c8
890c9
900c0
900c1
900c2
900c3
900c4
900c5
900c6
900c7
900c8
900c9
910c0
910c1
910c2
910c3
910c4
910c5
910c6
910c7
910c8
910c9
920c0
920c1
920c2
920c3
920c4
920c5
920c6
920c7
920c8
920c9
930c0
930c1
930c2
930c3
930c4
930c5
930c6
930c7
930c8
930c9
940c0
940c1
940c2
940c3
940c4
940c5
940c6
940c7
940c8
940c9
950c0
950c1
950c2
950c3
950c4
950c5
950c6
950c7
950c8
950c9
960c0
960c1
960c2
960c3
960c4
960c5
960c6
960c7
960c8
960c9
970c0
970c1
970c2
970c3
970c4
970c5
970c6
970c7
970c8
970c9
980c0
980c1
980c2
980c3
980c4
980c5
980c6
980c7
980c8
980c9
990c0
990c1
990c2
990c3
990c4
990c5
990c6
990c7
990c8
990c9
000
001
002
003
004
005
006
007
008
009
010
011
012
013
014
015
016
017
018
019
020
021
022
023
024
025
026
027
028
029
030
031
032
033
034
035
036
037
038
039
040
041
042
043
044
045
046
047
048
049
050
051
052
053
054
055
056
057
058
059
060
061
062
063
064
065
066
067
068
069
070
071
072
073
074
075
076
077
078
079
080
081
082
083
084
085
086
087
088
089
090
091
092
093
094
095
096
097
098
099
100
101
102
103
104
105
106
107
108
109
110
111
112
113
114
115
116
117
118
119
120
121
122
123
124
125
126
127
128
129
130
131
132
133
134
135
136
137
138
139
140
141
142
143
144
145
146
147
148
149
150
151
152
153
154
155
156
157
158
159
160
161
162
163
164
165
166
167
168
169
170
171
172
173
174
175
176
177
178
179
180
181
182
183
184
185
186
187
188
189
190
191
192
193
194
195
196
197
198
199
200
201
202
203
204
205
206
207
208
209
210
211
212
213
214
215
216
217
218
219
220
221
222
223
224
225
226
227
228
229
230
231
232
233
234
235
236
237
238
239
240
241
242
243
244
245
246
247
248
249
250
251
252
253
254
255
256
257
258
259
260
261
262
263
264
265
266
267
268
269
270
271
272
273
274
275
276
277
278
279
280
281
282
283
284
285
286
287
288
289
290
291
292
293
294
295
296
297
298
299
300
301
302
303
304
305
306
307
308
309
310
311
312
313
314
315
316
317
318
319
320
321
322
323
324
325
326
327
328
329
330
331
332
333
334
335
336
337
338
339
340
341
342
343
344
345
346
347
348
349
350
351
352
353
354
355
356
357
358
359
360
361
362
363
364
365
366
367
368
369
370
371
372
373
374
375
376
377
378
379
380
381
382
383
384
385
386
387
388
389
390
391
392
393
394
395
396
397
398
399
400
401
402
403
404
405
406
407
408
409
410
411
412
413
414
415
416
417
418
419
420
421
422
423
424
425
426
427
428
429
430
431
432
433
434
435
436
437
438
439
440
441
442
443
444
445
446
447
448
449
450
451
452
453
454
455
456
457
458
459
460
461
462
463
464
465
466
467
468
469
470
471
472
473
474
475
476
477
478
479
480
481
482
483
484
485
486
487
488
489
490
491
492
493
494
495
496
497
498
499
500
501
502
503
504
505
506
507
508
509
510
511
512
513
514
515
516
517
518
519
520
521
522
523
524
525
526
527
528
529
530
531
532
533
534
535
536
537
538
539
540
541
542
543
544
545
546
547
548
549
550
551
552
553
554
555
556
557
558
559
560
561
562
563
564
565
566
567
568
569
570
571
572
573
574
575
576
577
578
579
580
581
582
583
584
585
586
587
588
589
590
591
592
593
594
595
596
597
598
599
600
601
602
603
604
605
606
607
608
609
610
611
612
613
614
615
616
617
618
619
620
621
622
623
624
625
626
627
628
629
630
631
632
633
634
635
636
637
638
639
640
641
642
643
644
645
646
647
648
649
650
651
652
653
654
655
656
657
658
659
660
661
662
663
664
665
666
667
668
669
670
671
672
673
674
675
676
677
678
679
680
681
682
683
684
685
686
687
688
689
690
691
692
693
694
695
696
697
698
699
700
701
702
703
704
705
706
707
708
709
710
711
712
713
714
715
716
717
718
719
720
721
722
723
724
725
726
727
728
729
730
731
732
733
734
735
736
737
738
739
740
741
742
743
744
745
746
747
748
749
750
751
752
753
754
755
756
757
758
759
760
761
762
763
764
765
766
767
768
769
770
771
772
773
774
775
776
777
778
779
780
781
782
783
784
785
786
787
788
789
790
791
792
793
794
795
796
797
798
799
800
801
802
803
804
805
806
807
808
809
810
811
812
813
814
815
816
817
818
819
820
821
822
823
824
825
826
827
828
829
830
831
832
833
834
835
836
837
838
839
840
841
842
843
844
845
846
847
848
849
850
851
852
853
854
855
856
857
858
859
860
861
862
863
864
865
866
867
868
869
870
871
872
873
874
875
876
877
878
879
880
881
882
883
884
885
886
887
888
889
890
891
892
893
894
895
896
897
898
899
900
901
902
903
904
905
906
907
908
909
910
911
912
913
914
915
916
917
918
919
920
921
922
923
924
925
926
927
928
929
930
931
932
933
934
935
936
937
938
939
940
941
942
943
944
945
946
947
948
949
950
951
952
953
954
955
956
957
958
959
960
961
962
963
964
965
966
967
968
969
970
971
972
973
974
975
976
977
978
979
980
981
982
983
984
985
986
987
988
989
990
991
992
993
994
995
996
997
998
999
00c0c
10c0c
20c0c
30c0c
40c0c
50c0c
60c0c
70c0c
80c0c
90c0c
0c0c0
0c0c1
0c0c2
0c0c3
0c0c4
0c0c5
0c0c6
0c0c7
0c0c8
0c0c9
0c000c
0c010c
0c020c
0c030c
0c040c
0c050c
0c060c
0c070c
0c080c
0c090c
0c100c
0c110c
0c120c
0c130c
0c140c
0c150c
0c160c
0c170c
0c180c
0c190c
0c200c
0c210c
0c220c
0c230c
0c240c
0c250c
0c260c
0c270c
0c280c
0c290c
0c300c
0c310c
0c320c
0c330c
0c340c
0c350c
0c360c
0c370c
0c380c
0c390c
0c400c
0c410c
0c420c
0c430c
0c440c
0c450c
0c460c
0c470c
0c480c
0c490c
0c500c
0c510c
0c520c
0c530c
0c540c
0c550c
0c560c
0c570c
0c580c
0c590c
0c600c
0c610c
0c620c
0c630c
0c640c
0c650c
0c660c
0c670c
0c680c
0c690c
0c700c
0c710c
0c720c
0c730c
0c740c
0c750c
0c760c
0c770c
0c780c
0c790c
0c800c
0c810c
0c820c
0c830c
0c840c
0c850c
0c860c
0c870c
0c880c
0c890c
0c900c
0c910c
0c920c
0c930c
0c940c
0c950c
0c960c
0c970c
0c980c
0c990c
00c00c
00c10c
00c20c
00c30c
00c40c
00c50c
00c60c
00c70c
00c80c
00c90c
10c00c
10c10c
10c20c
10c30c
10c40c
10c50c
10c60c
10c70c
10c80c
10c90c
20c00c
20c10c
20c20c
20c30c
20c40c
20c50c
20c60c
20c70c
20c80c
20c90c
30c00c
30c10c
30c20c
30c30c
30c40c
30c50c
30c60c
30c70c
30c80c
30c90c
40c00c
40c10c
40c20c
40c30c
40c40c
40c50c
40c60c
40c70c
40c80c
40c90c
50c00c
50c10c
50c20c
50c30c
50c40c
50c50c
50c60c
50c70c
50c80c
50c90c
60c00c
60c10c
60c20c
60c30c
60c40c
60c50c
60c60c
60c70c
60c80c
60c90c
70c00c
70c10c
70c20c
70c30c
70c40c
70c50c
70c60c
70c70c
70c80c
70c90c
80c00c
80c10c
80c20c
80c30c
80c40c
80c50c
80c60c
80c70c
80c80c
80c90c
90c00c
90c10c
90c20c
90c30c
90c40c
90c50c
90c60c
90c70c
90c80c
90c90c
000
001
002
003
004
005
006
007
008
009
010
011
012
013
014
015
016
017
018
019
020
021
022
023
024
025
026
027
028
029
030
031
032
033
034
035
036
037
038
039
040
041
042
043
044
045
046
047
048
049
050
051
052
053
054
055
056
057
058
059
060
061
062
063
064
065
066
067
068
069
070
071
072
073
074
075
076
077
078
079
080
081
082
083
084
085
086
087
088
089
090
091
092
093
094
095
096
097
098
099
100
101
102
103
104
105
106
107
108
109
110
111
112
113
114
115
116
117
118
119
120
121
122
123
124
125
126
127
128
129
130
131
132
133
134
135
136
137
138
139
140
141
142
143
144
145
146
147
148
149
150
151
152
153
154
155
156
157
158
159
160
161
162
163
164
165
166
167
168
169
170
171
172
173
174
175
176
177
178
179
180
181
182
183
184
185
186
187
188
189
190
191
192
193
194
195
196
197
198
199
200
201
202
203
204
205
206
207
208
209
210
211
212
213
214
215
216
217
218
219
220
221
222
223
224
225
226
227
228
229
230
231
232
233
234
235
236
237
238
239
240
241
242
243
244
245
246
247
248
249
250
251
252
253
254
255
256
257
258
259
260
261
262
263
264
265
266
267
268
269
270
271
272
273
274
275
276
277
278
279
280
281
282
283
284
285
286
287
288
289
290
291
292
293
294
295
296
297
298
299
300
301
302
303
304
305
306
307
308
309
310
311
312
313
314
315
316
317
318
319
320
321
322
323
324
325
326
327
328
329
330
331
332
333
334
335
336
337
338
339
340
341
342
343
344
345
346
347
348
349
350
351
352
353
354
355
356
357
358
359
360
361
362
363
364
365
366
367
368
369
370
371
372
373
374
375
376
377
378
379
380
381
382
383
384
385
386
387
388
389
390
391
392
393
394
395
396
397
398
399
400
401
402
403
404
405
406
407
408
409
410
411
412
413
414
415
416
417
418
419
420
421
422
423
424
425
426
427
428
429
430
431
432
433
434
435
436
437
438
439
440
441
442
443
444
445
446
447
448
449
450
451
452
453
454
455
456
457
458
459
460
461
462
463
464
465
466
467
468
469
470
471
472
473
474
475
476
477
478
479
480
481
482
483
484
485
486
487
488
489
490
491
492
493
494
495
496
497
498
499
500
501
502
503
504
505
506
507
508
509
510
511
512
513
514
515
516
517
518
519
520
521
522
523
524
525
526
527
528
529
530
531
532
533
534
535
536
537
538
539
540
541
542
543
544
545
546
547
548
549
550
551
552
553
554
555
556
557
558
559
560
561
562
563
564
565
566
567
568
569
570
571
572
573
574
575
576
577
578
579
580
581
582
583
584
585
586
587
588
589
590
591
592
593
594
595
596
597
598
599
600
601
602
603
604
605
606
607
608
609
610
611
612
613
614
615
616
617
618
619
620
621
622
623
624
625
626
627
628
629
630
631
632
633
634
635
636
637
638
639
640
641
642
643
644
645
646
647
648
649
650
651
652
653
654
655
656
657
658
659
660
661
662
663
664
665
666
667
668
669
670
671
672
673
674
675
676
677
678
679
680
681
682
683
684
685
686
687
688
689
690
691
692
693
694
695
696
697
698
699
700
701
702
703
704
705
706
707
708
709
710
711
712
713
714
715
716
717
718
719
720
721
722
723
724
725
726
727
728
729
730
731
732
733
734
735
736
737
738
739
740
741
742
743
744
745
746
747
748
749
750
751
752
753
754
755
756
757
758
759
760
761
762
763
764
765
766
767
768
769
770
771
772
773
774
775
776
777
778
779
780
781
782
783
784
785
786
787
788
789
790
791
792
793
794
795
796
797
798
799
800
801
802
803
804
805
806
807
808
809
810
811
812
813
814
815
816
817
818
819
820
821
822
823
824
825
826
827
828
829
830
831
832
833
834
835
836
837
838
839
840
841
842
843
844
845
846
847
848
849
850
851
852
853
854
855
856
857
858
859
860
861
862
863
864
865
866
867
868
869
870
871
872
873
874
875
876
877
878
879
880
881
882
883
884
885
886
887
888
889
890
891
892
893
894
895
896
897
898
899
900
901
902
903
904
905
906
907
908
909
910
911
912
913
914
915
916
917
918
919
920
921
922
923
924
925
926
927
928
929
930
931
932
933
934
935
936
937
938
939
940
941
942
943
944
945
946
947
948
949
950
951
952
953
954
955
956
957
958
959
960
961
962
963
964
965
966
967
968
969
970
971
972
973
974
975
976
977
978
979
980
981
982
983
984
985
986
987
988
989
990
991
992
993
994
995
996
997
998
999
0
1
2
3
4
5
6
7
8
9
